<?xml version="1.0" encoding="UTF-8"?>
<testsuite name="주문 State Machine 테스트" tests="0" skipped="0" failures="0" errors="0" timestamp="1970-01-01T00:00:00Z" hostname="dhkim1522ui-MacBookPro.local" time="0.0">
  <properties/>
  <system-out><![CDATA[13:54:51.786 [Test worker] INFO org.springframework.test.context.support.AnnotationConfigContextLoaderUtils -- Could not detect default configuration classes for test class [com.example.ssmdemo.OrderStateMachineTest]: OrderStateMachineTest does not declare any static, non-private, non-final, nested classes annotated with @Configuration.
13:54:51.833 [Test worker] INFO org.springframework.boot.test.context.SpringBootTestContextBootstrapper -- Found @SpringBootConfiguration com.example.ssmdemo.SsmDemoApplication for test class com.example.ssmdemo.OrderStateMachineTest
]]></system-out>
  <system-err><![CDATA[]]></system-err>
</testsuite>
