<?xml version="1.0" encoding="UTF-8"?>
<testsuite name="CREATED 상태에서" tests="1" skipped="0" failures="0" errors="0" timestamp="2026-02-19T04:54:53.499Z" hostname="dhkim1522ui-MacBookPro.local" time="0.386">
  <properties/>
  <testcase name="PAY 이벤트 발생 시 PAID로 전이된다" classname="com.example.ssmdemo.OrderStateMachineTest$CreatedState" time="0.386"/>
  <system-out><![CDATA[13:54:51.873 [Test worker] INFO org.springframework.test.context.support.AnnotationConfigContextLoaderUtils -- Could not detect default configuration classes for test class [com.example.ssmdemo.OrderStateMachineTest$CreatedState]: CreatedState does not declare any static, non-private, non-final, nested classes annotated with @Configuration.
13:54:51.874 [Test worker] INFO org.springframework.boot.test.context.SpringBootTestContextBootstrapper -- Found @SpringBootConfiguration com.example.ssmdemo.SsmDemoApplication for test class com.example.ssmdemo.OrderStateMachineTest$CreatedState

  .   ____          _            __ _ _
 /\\ / ___'_ __ _ _(_)_ __  __ _ \ \ \ \
( ( )\___ | '_ | '_| | '_ \/ _` | \ \ \ \
 \\/  ___)| |_)| | | | | || (_| |  ) ) ) )
  '  |____| .__|_| |_|_| |_\__, | / / / /
 =========|_|==============|___/=/_/_/_/

 :: Spring Boot ::                (v3.4.5)

2026-02-19T13:54:52.004+09:00  INFO 19155 --- [ssm-demo] [    Test worker] c.example.ssmdemo.OrderStateMachineTest  : Starting OrderStateMachineTest using Java 21.0.9 with PID 19155 (started by dhkim1522 in /Users/dhkim1522/project/ssm-demo)
2026-02-19T13:54:52.004+09:00 DEBUG 19155 --- [ssm-demo] [    Test worker] c.example.ssmdemo.OrderStateMachineTest  : Running with Spring Boot v3.4.5, Spring v6.2.6
2026-02-19T13:54:52.004+09:00  INFO 19155 --- [ssm-demo] [    Test worker] c.example.ssmdemo.OrderStateMachineTest  : No active profile set, falling back to 1 default profile: "default"
2026-02-19T13:54:52.270+09:00  INFO 19155 --- [ssm-demo] [    Test worker] .s.d.r.c.RepositoryConfigurationDelegate : Multiple Spring Data modules found, entering strict repository configuration mode
2026-02-19T13:54:52.271+09:00  INFO 19155 --- [ssm-demo] [    Test worker] .s.d.r.c.RepositoryConfigurationDelegate : Bootstrapping Spring Data JPA repositories in DEFAULT mode.
2026-02-19T13:54:52.325+09:00  INFO 19155 --- [ssm-demo] [    Test worker] .s.d.r.c.RepositoryConfigurationDelegate : Finished Spring Data repository scanning in 49 ms. Found 1 JPA repository interface.
2026-02-19T13:54:52.333+09:00  INFO 19155 --- [ssm-demo] [    Test worker] .s.d.r.c.RepositoryConfigurationDelegate : Multiple Spring Data modules found, entering strict repository configuration mode
2026-02-19T13:54:52.333+09:00  INFO 19155 --- [ssm-demo] [    Test worker] .s.d.r.c.RepositoryConfigurationDelegate : Bootstrapping Spring Data Redis repositories in DEFAULT mode.
2026-02-19T13:54:52.340+09:00  INFO 19155 --- [ssm-demo] [    Test worker] .RepositoryConfigurationExtensionSupport : Spring Data Redis - Could not safely identify store assignment for repository candidate interface com.example.ssmdemo.domain.order.repository.OrderRepository; If you want this repository to be a Redis repository, consider annotating your entities with one of these annotations: org.springframework.data.redis.core.RedisHash (preferred), or consider extending one of the following types with your repository: org.springframework.data.keyvalue.repository.KeyValueRepository
2026-02-19T13:54:52.340+09:00  INFO 19155 --- [ssm-demo] [    Test worker] .s.d.r.c.RepositoryConfigurationDelegate : Finished Spring Data repository scanning in 2 ms. Found 0 Redis repository interfaces.
2026-02-19T13:54:52.462+09:00  WARN 19155 --- [ssm-demo] [    Test worker] trationDelegate$BeanPostProcessorChecker : Bean 'org.springframework.statemachine.config.configuration.StateMachineAnnotationPostProcessorConfiguration' of type [org.springframework.statemachine.config.configuration.StateMachineAnnotationPostProcessorConfiguration$$SpringCGLIB$$0] is not eligible for getting processed by all BeanPostProcessors (for example: not eligible for auto-proxying). The currently created BeanPostProcessor [org.springframework.statemachine.processor.stateMachineAnnotationPostProcessor] is declared through a non-static factory method on that class; consider declaring it as static instead.
2026-02-19T13:54:52.520+09:00  INFO 19155 --- [ssm-demo] [    Test worker] o.hibernate.jpa.internal.util.LogHelper  : HHH000204: Processing PersistenceUnitInfo [name: default]
2026-02-19T13:54:52.543+09:00  INFO 19155 --- [ssm-demo] [    Test worker] org.hibernate.Version                    : HHH000412: Hibernate ORM core version 6.6.13.Final
2026-02-19T13:54:52.557+09:00  INFO 19155 --- [ssm-demo] [    Test worker] o.h.c.internal.RegionFactoryInitiator    : HHH000026: Second-level cache disabled
2026-02-19T13:54:52.657+09:00  INFO 19155 --- [ssm-demo] [    Test worker] o.s.o.j.p.SpringPersistenceUnitInfo      : No LoadTimeWeaver setup: ignoring JPA class transformer
2026-02-19T13:54:52.669+09:00  INFO 19155 --- [ssm-demo] [    Test worker] com.zaxxer.hikari.HikariDataSource       : HikariPool-1 - Starting...
2026-02-19T13:54:52.726+09:00  INFO 19155 --- [ssm-demo] [    Test worker] com.zaxxer.hikari.pool.HikariPool        : HikariPool-1 - Added connection conn0: url=jdbc:h2:mem:testdb user=SA
2026-02-19T13:54:52.727+09:00  INFO 19155 --- [ssm-demo] [    Test worker] com.zaxxer.hikari.HikariDataSource       : HikariPool-1 - Start completed.
2026-02-19T13:54:52.748+09:00  INFO 19155 --- [ssm-demo] [    Test worker] org.hibernate.orm.connections.pooling    : HHH10001005: Database info:
	Database JDBC URL [Connecting through datasource 'HikariDataSource (HikariPool-1)']
	Database driver: undefined/unknown
	Database version: 2.3.232
	Autocommit mode: undefined/unknown
	Isolation level: undefined/unknown
	Minimum pool size: undefined/unknown
	Maximum pool size: undefined/unknown
2026-02-19T13:54:53.023+09:00  INFO 19155 --- [ssm-demo] [    Test worker] o.h.e.t.j.p.i.JtaPlatformInitiator       : HHH000489: No JTA platform available (set 'hibernate.transaction.jta.platform' to enable JTA platform integration)
Hibernate: 
    drop table if exists orders cascade 
Hibernate: 
    create table orders (
        quantity integer not null,
        total_amount numeric(10,2) not null,
        cancelled_at timestamp(6),
        created_at timestamp(6) not null,
        delivered_at timestamp(6),
        modified_at timestamp(6),
        paid_at timestamp(6),
        refunded_at timestamp(6),
        shipped_at timestamp(6),
        id varchar(26) not null,
        payment_method varchar(50),
        customer_email varchar(100),
        payment_id varchar(255),
        product_id varchar(255) not null,
        status enum ('CANCELLED','CREATED','DELIVERED','PAID','RETURNED','SHIPPED') not null,
        primary key (id)
    )
2026-02-19T13:54:53.036+09:00  INFO 19155 --- [ssm-demo] [    Test worker] j.LocalContainerEntityManagerFactoryBean : Initialized JPA EntityManagerFactory for persistence unit 'default'
2026-02-19T13:54:53.206+09:00  WARN 19155 --- [ssm-demo] [    Test worker] JpaBaseConfiguration$JpaWebConfiguration : spring.jpa.open-in-view is enabled by default. Therefore, database queries may be performed during view rendering. Explicitly configure spring.jpa.open-in-view to disable this warning
2026-02-19T13:54:53.459+09:00  INFO 19155 --- [ssm-demo] [    Test worker] o.s.b.a.h2.H2ConsoleAutoConfiguration    : H2 console available at '/h2-console'. Database available at 'jdbc:h2:mem:testdb'
2026-02-19T13:54:53.492+09:00  INFO 19155 --- [ssm-demo] [    Test worker] c.example.ssmdemo.OrderStateMachineTest  : Started OrderStateMachineTest in 1.597 seconds (process running for 2.021)
2026-02-19T13:54:53.802+09:00 DEBUG 19155 --- [ssm-demo] [    Test worker] o.s.s.support.LifecycleObjectSupport     : startReactively PAID DELIVERED CANCELLED RETURNED SHIPPED CREATED  /  / uuid=4d080db7-0d9b-4d34-82c3-39fdb988a464 / id=test-order with rlm [lifecyclestate=STOPPED, owner=PAID DELIVERED CANCELLED RETURNED SHIPPED CREATED  /  / uuid=4d080db7-0d9b-4d34-82c3-39fdb988a464 / id=test-order]
2026-02-19T13:54:53.802+09:00 DEBUG 19155 --- [ssm-demo] [    Test worker] o.s.s.support.ReactiveLifecycleManager   : Request startReactively [lifecyclestate=STOPPED, owner=PAID DELIVERED CANCELLED RETURNED SHIPPED CREATED  /  / uuid=4d080db7-0d9b-4d34-82c3-39fdb988a464 / id=test-order]
2026-02-19T13:54:53.804+09:00 DEBUG 19155 --- [ssm-demo] [    Test worker] o.s.s.support.ReactiveLifecycleManager   : Lifecycle from STOPPED to STARTING in [lifecyclestate=STARTING, owner=PAID DELIVERED CANCELLED RETURNED SHIPPED CREATED  /  / uuid=4d080db7-0d9b-4d34-82c3-39fdb988a464 / id=test-order]
2026-02-19T13:54:53.804+09:00 DEBUG 19155 --- [ssm-demo] [    Test worker] o.s.s.support.ReactiveLifecycleManager   : Next start request with doStartReactively in [lifecyclestate=STARTING, owner=PAID DELIVERED CANCELLED RETURNED SHIPPED CREATED  /  / uuid=4d080db7-0d9b-4d34-82c3-39fdb988a464 / id=test-order]
2026-02-19T13:54:53.809+09:00 DEBUG 19155 --- [ssm-demo] [    Test worker] o.s.s.support.LifecycleObjectSupport     : startReactively org.springframework.statemachine.support.ReactiveStateMachineExecutor@1560982f with rlm [lifecyclestate=STOPPED, owner=org.springframework.statemachine.support.ReactiveStateMachineExecutor@1560982f]
2026-02-19T13:54:53.809+09:00 DEBUG 19155 --- [ssm-demo] [    Test worker] o.s.s.support.ReactiveLifecycleManager   : Request startReactively [lifecyclestate=STOPPED, owner=org.springframework.statemachine.support.ReactiveStateMachineExecutor@1560982f]
2026-02-19T13:54:53.810+09:00 DEBUG 19155 --- [ssm-demo] [    Test worker] o.s.s.support.ReactiveLifecycleManager   : Lifecycle from STOPPED to STARTING in [lifecyclestate=STARTING, owner=org.springframework.statemachine.support.ReactiveStateMachineExecutor@1560982f]
2026-02-19T13:54:53.810+09:00 DEBUG 19155 --- [ssm-demo] [    Test worker] o.s.s.support.ReactiveLifecycleManager   : Next start request with doStartReactively in [lifecyclestate=STARTING, owner=org.springframework.statemachine.support.ReactiveStateMachineExecutor@1560982f]
2026-02-19T13:54:53.818+09:00 DEBUG 19155 --- [ssm-demo] [    Test worker] o.s.s.support.AbstractStateMachine       : Trying Enter state=[ObjectState [getIds()=[CREATED], getClass()=class org.springframework.statemachine.state.ObjectState, hashCode()=1323887236, toString()=AbstractState [id=CREATED, pseudoState=org.springframework.statemachine.state.DefaultPseudoState@b926efa, deferred=[], entryActions=[], exitActions=[], stateActions=[], regions=[], submachine=null]]]
2026-02-19T13:54:53.818+09:00 DEBUG 19155 --- [ssm-demo] [    Test worker] o.s.s.support.AbstractStateMachine       : Enter state=[ObjectState [getIds()=[CREATED], getClass()=class org.springframework.statemachine.state.ObjectState, hashCode()=1323887236, toString()=AbstractState [id=CREATED, pseudoState=org.springframework.statemachine.state.DefaultPseudoState@b926efa, deferred=[], entryActions=[], exitActions=[], stateActions=[], regions=[], submachine=null]]]
2026-02-19T13:54:53.822+09:00 DEBUG 19155 --- [ssm-demo] [    Test worker] o.s.s.support.AbstractStateMachine       : State onComplete: state=[ObjectState [getIds()=[CREATED], getClass()=class org.springframework.statemachine.state.ObjectState, hashCode()=1323887236, toString()=AbstractState [id=CREATED, pseudoState=org.springframework.statemachine.state.DefaultPseudoState@b926efa, deferred=[], entryActions=[], exitActions=[], stateActions=[], regions=[], submachine=null]]] context=[DefaultStateContext [stage=STATE_ENTRY, message=null, messageHeaders={id=3252ab86-0cf3-daf9-694b-a8a796781a51, timestamp=1771476893818}, extendedState=DefaultExtendedState [variables={}], transition=AbstractTransition [source=null, target=ObjectState [getIds()=[CREATED], getClass()=class org.springframework.statemachine.state.ObjectState, hashCode()=1323887236, toString()=AbstractState [id=CREATED, pseudoState=org.springframework.statemachine.state.DefaultPseudoState@b926efa, deferred=[], entryActions=[], exitActions=[], stateActions=[], regions=[], submachine=null]], kind=INITIAL, guard=null], stateMachine=PAID DELIVERED CANCELLED RETURNED SHIPPED CREATED  / CREATED / uuid=4d080db7-0d9b-4d34-82c3-39fdb988a464 / id=test-order, source=null, target=null, sources=null, targets=null, exception=null]]
2026-02-19T13:54:53.823+09:00 DEBUG 19155 --- [ssm-demo] [    Test worker] o.s.s.s.ReactiveStateMachineExecutor     : About to handleTriggerlessTransitions
2026-02-19T13:54:53.825+09:00  INFO 19155 --- [ssm-demo] [    Test worker] c.e.s.s.l.OrderStateMachineListener      : ┌──────────────────────────────────────────┐
2026-02-19T13:54:53.825+09:00  INFO 19155 --- [ssm-demo] [    Test worker] c.e.s.s.l.OrderStateMachineListener      : │ [STATE] 초기 상태 설정: CREATED                 
2026-02-19T13:54:53.825+09:00  INFO 19155 --- [ssm-demo] [    Test worker] c.e.s.s.l.OrderStateMachineListener      : └──────────────────────────────────────────┘
2026-02-19T13:54:53.825+09:00 DEBUG 19155 --- [ssm-demo] [    Test worker] o.s.s.support.LifecycleObjectSupport     : startReactively PAID DELIVERED CANCELLED RETURNED SHIPPED CREATED  / CREATED / uuid=4d080db7-0d9b-4d34-82c3-39fdb988a464 / id=test-order with rlm [lifecyclestate=STARTING, owner=PAID DELIVERED CANCELLED RETURNED SHIPPED CREATED  / CREATED / uuid=4d080db7-0d9b-4d34-82c3-39fdb988a464 / id=test-order]
2026-02-19T13:54:53.825+09:00 DEBUG 19155 --- [ssm-demo] [    Test worker] o.s.s.support.ReactiveLifecycleManager   : Request startReactively [lifecyclestate=STARTING, owner=PAID DELIVERED CANCELLED RETURNED SHIPPED CREATED  / CREATED / uuid=4d080db7-0d9b-4d34-82c3-39fdb988a464 / id=test-order]
2026-02-19T13:54:53.826+09:00  INFO 19155 --- [ssm-demo] [    Test worker] c.e.s.s.l.OrderStateMachineListener      : [SSM] State Machine 시작 - ID: test-order
2026-02-19T13:54:53.826+09:00 DEBUG 19155 --- [ssm-demo] [    Test worker] o.s.s.support.ReactiveLifecycleManager   : Lifecycle to STARTED in [lifecyclestate=STARTING, owner=org.springframework.statemachine.support.ReactiveStateMachineExecutor@1560982f]
2026-02-19T13:54:53.826+09:00 DEBUG 19155 --- [ssm-demo] [    Test worker] o.s.s.support.ReactiveLifecycleManager   : Lifecycle to STARTED in [lifecyclestate=STARTING, owner=PAID DELIVERED CANCELLED RETURNED SHIPPED CREATED  / CREATED / uuid=4d080db7-0d9b-4d34-82c3-39fdb988a464 / id=test-order]
2026-02-19T13:54:53.827+09:00 DEBUG 19155 --- [ssm-demo] [    Test worker] o.s.s.support.LifecycleObjectSupport     : startReactively PAID DELIVERED CANCELLED RETURNED SHIPPED CREATED  / CREATED / uuid=4d080db7-0d9b-4d34-82c3-39fdb988a464 / id=test-order with rlm [lifecyclestate=STARTED, owner=PAID DELIVERED CANCELLED RETURNED SHIPPED CREATED  / CREATED / uuid=4d080db7-0d9b-4d34-82c3-39fdb988a464 / id=test-order]
2026-02-19T13:54:53.828+09:00 DEBUG 19155 --- [ssm-demo] [    Test worker] o.s.s.support.ReactiveLifecycleManager   : Request startReactively [lifecyclestate=STARTED, owner=PAID DELIVERED CANCELLED RETURNED SHIPPED CREATED  / CREATED / uuid=4d080db7-0d9b-4d34-82c3-39fdb988a464 / id=test-order]
2026-02-19T13:54:53.828+09:00 DEBUG 19155 --- [ssm-demo] [    Test worker] o.s.s.support.LifecycleObjectSupport     : stopReactively PAID DELIVERED CANCELLED RETURNED SHIPPED CREATED  / CREATED / uuid=4d080db7-0d9b-4d34-82c3-39fdb988a464 / id=test-order with rlm [lifecyclestate=STARTED, owner=PAID DELIVERED CANCELLED RETURNED SHIPPED CREATED  / CREATED / uuid=4d080db7-0d9b-4d34-82c3-39fdb988a464 / id=test-order]
2026-02-19T13:54:53.828+09:00 DEBUG 19155 --- [ssm-demo] [    Test worker] o.s.s.support.ReactiveLifecycleManager   : Request stopReactively [lifecyclestate=STARTED, owner=PAID DELIVERED CANCELLED RETURNED SHIPPED CREATED  / CREATED / uuid=4d080db7-0d9b-4d34-82c3-39fdb988a464 / id=test-order]
2026-02-19T13:54:53.829+09:00 DEBUG 19155 --- [ssm-demo] [    Test worker] o.s.s.support.ReactiveLifecycleManager   : Lifecycle from STARTED to STOPPING in [lifecyclestate=STOPPING, owner=PAID DELIVERED CANCELLED RETURNED SHIPPED CREATED  / CREATED / uuid=4d080db7-0d9b-4d34-82c3-39fdb988a464 / id=test-order]
2026-02-19T13:54:53.829+09:00 DEBUG 19155 --- [ssm-demo] [    Test worker] o.s.s.support.ReactiveLifecycleManager   : Next stop request with doStopReactively in [lifecyclestate=STOPPING, owner=PAID DELIVERED CANCELLED RETURNED SHIPPED CREATED  / CREATED / uuid=4d080db7-0d9b-4d34-82c3-39fdb988a464 / id=test-order]
2026-02-19T13:54:53.829+09:00 DEBUG 19155 --- [ssm-demo] [    Test worker] o.s.s.support.LifecycleObjectSupport     : stopReactively org.springframework.statemachine.support.ReactiveStateMachineExecutor@1560982f with rlm [lifecyclestate=STARTED, owner=org.springframework.statemachine.support.ReactiveStateMachineExecutor@1560982f]
2026-02-19T13:54:53.829+09:00 DEBUG 19155 --- [ssm-demo] [    Test worker] o.s.s.support.ReactiveLifecycleManager   : Request stopReactively [lifecyclestate=STARTED, owner=org.springframework.statemachine.support.ReactiveStateMachineExecutor@1560982f]
2026-02-19T13:54:53.830+09:00  INFO 19155 --- [ssm-demo] [    Test worker] c.e.s.s.l.OrderStateMachineListener      : [SSM] State Machine 종료 - ID: test-order
2026-02-19T13:54:53.830+09:00 DEBUG 19155 --- [ssm-demo] [    Test worker] o.s.s.support.AbstractStateMachine       : Stop complete PAID DELIVERED CANCELLED RETURNED SHIPPED CREATED  /  / uuid=4d080db7-0d9b-4d34-82c3-39fdb988a464 / id=test-order
2026-02-19T13:54:53.830+09:00 DEBUG 19155 --- [ssm-demo] [    Test worker] o.s.s.support.ReactiveLifecycleManager   : Lifecycle from STARTED to STOPPING in [lifecyclestate=STOPPING, owner=org.springframework.statemachine.support.ReactiveStateMachineExecutor@1560982f]
2026-02-19T13:54:53.830+09:00 DEBUG 19155 --- [ssm-demo] [    Test worker] o.s.s.support.ReactiveLifecycleManager   : Next stop request with doStopReactively in [lifecyclestate=STOPPING, owner=org.springframework.statemachine.support.ReactiveStateMachineExecutor@1560982f]
2026-02-19T13:54:53.831+09:00 DEBUG 19155 --- [ssm-demo] [    Test worker] o.s.s.support.ReactiveLifecycleManager   : Lifecycle to STOPPED in [lifecyclestate=STOPPING, owner=org.springframework.statemachine.support.ReactiveStateMachineExecutor@1560982f]
2026-02-19T13:54:53.831+09:00 DEBUG 19155 --- [ssm-demo] [    Test worker] o.s.s.support.ReactiveLifecycleManager   : Lifecycle to STOPPED in [lifecyclestate=STOPPING, owner=PAID DELIVERED CANCELLED RETURNED SHIPPED CREATED  /  / uuid=4d080db7-0d9b-4d34-82c3-39fdb988a464 / id=test-order]
2026-02-19T13:54:53.832+09:00 DEBUG 19155 --- [ssm-demo] [    Test worker] o.s.s.support.AbstractStateMachine       : Request to reset state machine: stateMachine=[PAID DELIVERED CANCELLED RETURNED SHIPPED CREATED  /  / uuid=4d080db7-0d9b-4d34-82c3-39fdb988a464 / id=test-order] stateMachineContext=[DefaultStateMachineContext [id=null, childs=[], childRefs=[], state=CREATED, historyStates={}, event=null, eventHeaders=null, extendedState=null]]
2026-02-19T13:54:53.832+09:00 DEBUG 19155 --- [ssm-demo] [    Test worker] o.s.s.support.AbstractStateMachine       : State reseted: stateMachine=[PAID DELIVERED CANCELLED RETURNED SHIPPED CREATED  /  / uuid=4d080db7-0d9b-4d34-82c3-39fdb988a464 / id=null] stateMachineContext=[DefaultStateMachineContext [id=null, childs=[], childRefs=[], state=CREATED, historyStates={}, event=null, eventHeaders=null, extendedState=null]]
2026-02-19T13:54:53.832+09:00 DEBUG 19155 --- [ssm-demo] [    Test worker] o.s.s.support.LifecycleObjectSupport     : startReactively ObjectState [getIds()=[CREATED], getClass()=class org.springframework.statemachine.state.ObjectState, hashCode()=1323887236, toString()=AbstractState [id=CREATED, pseudoState=org.springframework.statemachine.state.DefaultPseudoState@b926efa, deferred=[], entryActions=[], exitActions=[], stateActions=[], regions=[], submachine=null]] with rlm [lifecyclestate=STOPPED, owner=ObjectState [getIds()=[CREATED], getClass()=class org.springframework.statemachine.state.ObjectState, hashCode()=1323887236, toString()=AbstractState [id=CREATED, pseudoState=org.springframework.statemachine.state.DefaultPseudoState@b926efa, deferred=[], entryActions=[], exitActions=[], stateActions=[], regions=[], submachine=null]]]
2026-02-19T13:54:53.833+09:00 DEBUG 19155 --- [ssm-demo] [    Test worker] o.s.s.support.ReactiveLifecycleManager   : Request startReactively [lifecyclestate=STOPPED, owner=ObjectState [getIds()=[CREATED], getClass()=class org.springframework.statemachine.state.ObjectState, hashCode()=1323887236, toString()=AbstractState [id=CREATED, pseudoState=org.springframework.statemachine.state.DefaultPseudoState@b926efa, deferred=[], entryActions=[], exitActions=[], stateActions=[], regions=[], submachine=null]]]
2026-02-19T13:54:53.833+09:00 DEBUG 19155 --- [ssm-demo] [    Test worker] o.s.s.support.ReactiveLifecycleManager   : Lifecycle from STOPPED to STARTING in [lifecyclestate=STARTING, owner=ObjectState [getIds()=[CREATED], getClass()=class org.springframework.statemachine.state.ObjectState, hashCode()=1323887236, toString()=AbstractState [id=CREATED, pseudoState=org.springframework.statemachine.state.DefaultPseudoState@b926efa, deferred=[], entryActions=[], exitActions=[], stateActions=[], regions=[], submachine=null]]]
2026-02-19T13:54:53.833+09:00 DEBUG 19155 --- [ssm-demo] [    Test worker] o.s.s.support.ReactiveLifecycleManager   : Next start request with doStartReactively in [lifecyclestate=STARTING, owner=ObjectState [getIds()=[CREATED], getClass()=class org.springframework.statemachine.state.ObjectState, hashCode()=1323887236, toString()=AbstractState [id=CREATED, pseudoState=org.springframework.statemachine.state.DefaultPseudoState@b926efa, deferred=[], entryActions=[], exitActions=[], stateActions=[], regions=[], submachine=null]]]
2026-02-19T13:54:53.833+09:00 DEBUG 19155 --- [ssm-demo] [    Test worker] o.s.s.support.ReactiveLifecycleManager   : Lifecycle to STARTED in [lifecyclestate=STARTING, owner=ObjectState [getIds()=[CREATED], getClass()=class org.springframework.statemachine.state.ObjectState, hashCode()=1323887236, toString()=AbstractState [id=CREATED, pseudoState=org.springframework.statemachine.state.DefaultPseudoState@b926efa, deferred=[], entryActions=[], exitActions=[], stateActions=[], regions=[], submachine=null]]]
2026-02-19T13:54:53.834+09:00 DEBUG 19155 --- [ssm-demo] [    Test worker] o.s.s.support.LifecycleObjectSupport     : startReactively PAID DELIVERED CANCELLED RETURNED SHIPPED CREATED  / CREATED / uuid=4d080db7-0d9b-4d34-82c3-39fdb988a464 / id=null with rlm [lifecyclestate=STOPPED, owner=PAID DELIVERED CANCELLED RETURNED SHIPPED CREATED  / CREATED / uuid=4d080db7-0d9b-4d34-82c3-39fdb988a464 / id=null]
2026-02-19T13:54:53.834+09:00 DEBUG 19155 --- [ssm-demo] [    Test worker] o.s.s.support.ReactiveLifecycleManager   : Request startReactively [lifecyclestate=STOPPED, owner=PAID DELIVERED CANCELLED RETURNED SHIPPED CREATED  / CREATED / uuid=4d080db7-0d9b-4d34-82c3-39fdb988a464 / id=null]
2026-02-19T13:54:53.834+09:00 DEBUG 19155 --- [ssm-demo] [    Test worker] o.s.s.support.ReactiveLifecycleManager   : Lifecycle from STOPPED to STARTING in [lifecyclestate=STARTING, owner=PAID DELIVERED CANCELLED RETURNED SHIPPED CREATED  / CREATED / uuid=4d080db7-0d9b-4d34-82c3-39fdb988a464 / id=null]
2026-02-19T13:54:53.834+09:00 DEBUG 19155 --- [ssm-demo] [    Test worker] o.s.s.support.ReactiveLifecycleManager   : Next start request with doStartReactively in [lifecyclestate=STARTING, owner=PAID DELIVERED CANCELLED RETURNED SHIPPED CREATED  / CREATED / uuid=4d080db7-0d9b-4d34-82c3-39fdb988a464 / id=null]
2026-02-19T13:54:53.835+09:00 DEBUG 19155 --- [ssm-demo] [    Test worker] o.s.s.support.LifecycleObjectSupport     : startReactively org.springframework.statemachine.support.ReactiveStateMachineExecutor@1560982f with rlm [lifecyclestate=STOPPED, owner=org.springframework.statemachine.support.ReactiveStateMachineExecutor@1560982f]
2026-02-19T13:54:53.835+09:00 DEBUG 19155 --- [ssm-demo] [    Test worker] o.s.s.support.ReactiveLifecycleManager   : Request startReactively [lifecyclestate=STOPPED, owner=org.springframework.statemachine.support.ReactiveStateMachineExecutor@1560982f]
2026-02-19T13:54:53.835+09:00 DEBUG 19155 --- [ssm-demo] [    Test worker] o.s.s.support.AbstractStateMachine       : State already set, disabling initial
2026-02-19T13:54:53.835+09:00 DEBUG 19155 --- [ssm-demo] [    Test worker] o.s.s.support.ReactiveLifecycleManager   : Lifecycle from STOPPED to STARTING in [lifecyclestate=STARTING, owner=org.springframework.statemachine.support.ReactiveStateMachineExecutor@1560982f]
2026-02-19T13:54:53.836+09:00 DEBUG 19155 --- [ssm-demo] [    Test worker] o.s.s.support.ReactiveLifecycleManager   : Next start request with doStartReactively in [lifecyclestate=STARTING, owner=org.springframework.statemachine.support.ReactiveStateMachineExecutor@1560982f]
2026-02-19T13:54:53.836+09:00 DEBUG 19155 --- [ssm-demo] [    Test worker] o.s.s.support.ReactiveLifecycleManager   : Lifecycle to STARTED in [lifecyclestate=STARTING, owner=org.springframework.statemachine.support.ReactiveStateMachineExecutor@1560982f]
2026-02-19T13:54:53.836+09:00  INFO 19155 --- [ssm-demo] [    Test worker] c.e.s.s.l.OrderStateMachineListener      : [SSM] State Machine 시작 - ID: null
2026-02-19T13:54:53.837+09:00 DEBUG 19155 --- [ssm-demo] [    Test worker] o.s.s.support.ReactiveLifecycleManager   : Lifecycle to STARTED in [lifecyclestate=STARTING, owner=PAID DELIVERED CANCELLED RETURNED SHIPPED CREATED  / CREATED / uuid=4d080db7-0d9b-4d34-82c3-39fdb988a464 / id=null]
2026-02-19T13:54:53.843+09:00 DEBUG 19155 --- [ssm-demo] [    Test worker] o.s.s.s.ReactiveStateMachineExecutor     : Handling message GenericMessage [payload=PAY, headers={id=42ef0b0d-d3b4-19ed-7233-9c0d1562dfad, timestamp=1771476893840}]
2026-02-19T13:54:53.849+09:00 DEBUG 19155 --- [ssm-demo] [    Test worker] o.s.s.s.ReactiveStateMachineExecutor     : Process trigger item TriggerQueueItem [message=GenericMessage [payload=PAY, headers={id=42ef0b0d-d3b4-19ed-7233-9c0d1562dfad, timestamp=1771476893840}], trigger=org.springframework.statemachine.trigger.EventTrigger@4268c16] org.springframework.statemachine.support.ReactiveStateMachineExecutor@1560982f
2026-02-19T13:54:53.850+09:00  INFO 19155 --- [ssm-demo] [    Test worker] c.e.s.statemachine.guard.OrderGuards     : [Guard] 결제 검증 통과 - orderId=test-order-1, amount=50000, method=CARD
2026-02-19T13:54:53.851+09:00 DEBUG 19155 --- [ssm-demo] [    Test worker] c.e.s.s.l.OrderStateMachineListener      : [TRANSITION] 시작: CREATED → PAID [이벤트: PAY]
2026-02-19T13:54:53.852+09:00  INFO 19155 --- [ssm-demo] [    Test worker] c.e.s.statemachine.action.OrderActions   : ============================================
2026-02-19T13:54:53.852+09:00  INFO 19155 --- [ssm-demo] [    Test worker] c.e.s.statemachine.action.OrderActions   : [Action] 결제 처리 완료
2026-02-19T13:54:53.852+09:00  INFO 19155 --- [ssm-demo] [    Test worker] c.e.s.statemachine.action.OrderActions   :   - 주문 ID: test-order-1
2026-02-19T13:54:53.852+09:00  INFO 19155 --- [ssm-demo] [    Test worker] c.e.s.statemachine.action.OrderActions   :   - 결제 ID: PAY-5DBE7EE8
2026-02-19T13:54:53.852+09:00  INFO 19155 --- [ssm-demo] [    Test worker] c.e.s.statemachine.action.OrderActions   :   - 결제 금액: 50000
2026-02-19T13:54:53.852+09:00  INFO 19155 --- [ssm-demo] [    Test worker] c.e.s.statemachine.action.OrderActions   :   - 결제 수단: CARD
2026-02-19T13:54:53.852+09:00  INFO 19155 --- [ssm-demo] [    Test worker] c.e.s.statemachine.action.OrderActions   : ============================================
2026-02-19T13:54:53.852+09:00  INFO 19155 --- [ssm-demo] [    Test worker] c.e.s.statemachine.action.OrderActions   : ============================================
2026-02-19T13:54:53.852+09:00  INFO 19155 --- [ssm-demo] [    Test worker] c.e.s.statemachine.action.OrderActions   : [Action] 알림 발송
2026-02-19T13:54:53.852+09:00  INFO 19155 --- [ssm-demo] [    Test worker] c.e.s.statemachine.action.OrderActions   :   - 수신자: test@example.com
2026-02-19T13:54:53.852+09:00  INFO 19155 --- [ssm-demo] [    Test worker] c.e.s.statemachine.action.OrderActions   :   - 메시지: 주문 상태가 [PAID](결제 완료)(으)로 변경되었습니다.
2026-02-19T13:54:53.852+09:00  INFO 19155 --- [ssm-demo] [    Test worker] c.e.s.statemachine.action.OrderActions   : ============================================
2026-02-19T13:54:53.852+09:00 DEBUG 19155 --- [ssm-demo] [    Test worker] o.s.s.support.AbstractStateMachine       : Exit state=[ObjectState [getIds()=[CREATED], getClass()=class org.springframework.statemachine.state.ObjectState, hashCode()=1323887236, toString()=AbstractState [id=CREATED, pseudoState=org.springframework.statemachine.state.DefaultPseudoState@b926efa, deferred=[], entryActions=[], exitActions=[], stateActions=[], regions=[], submachine=null]]]
2026-02-19T13:54:53.854+09:00 DEBUG 19155 --- [ssm-demo] [    Test worker] o.s.s.support.AbstractStateMachine       : Trying Enter state=[ObjectState [getIds()=[PAID], getClass()=class org.springframework.statemachine.state.ObjectState, hashCode()=1041998166, toString()=AbstractState [id=PAID, pseudoState=null, deferred=[], entryActions=[], exitActions=[], stateActions=[], regions=[], submachine=null]]]
2026-02-19T13:54:53.854+09:00 DEBUG 19155 --- [ssm-demo] [    Test worker] o.s.s.support.AbstractStateMachine       : Enter state=[ObjectState [getIds()=[PAID], getClass()=class org.springframework.statemachine.state.ObjectState, hashCode()=1041998166, toString()=AbstractState [id=PAID, pseudoState=null, deferred=[], entryActions=[], exitActions=[], stateActions=[], regions=[], submachine=null]]]
2026-02-19T13:54:53.855+09:00 DEBUG 19155 --- [ssm-demo] [    Test worker] o.s.s.support.AbstractStateMachine       : State onComplete: state=[ObjectState [getIds()=[PAID], getClass()=class org.springframework.statemachine.state.ObjectState, hashCode()=1041998166, toString()=AbstractState [id=PAID, pseudoState=null, deferred=[], entryActions=[], exitActions=[], stateActions=[], regions=[], submachine=null]]] context=[DefaultStateContext [stage=STATE_ENTRY, message=GenericMessage [payload=PAY, headers={id=42ef0b0d-d3b4-19ed-7233-9c0d1562dfad, timestamp=1771476893840}], messageHeaders={id=42ef0b0d-d3b4-19ed-7233-9c0d1562dfad, timestamp=1771476893840}, extendedState=DefaultExtendedState [variables={order=com.example.ssmdemo.domain.order.entity.Order@76737130}], transition=AbstractTransition [source=ObjectState [getIds()=[CREATED], getClass()=class org.springframework.statemachine.state.ObjectState, hashCode()=1323887236, toString()=AbstractState [id=CREATED, pseudoState=org.springframework.statemachine.state.DefaultPseudoState@b926efa, deferred=[], entryActions=[], exitActions=[], stateActions=[], regions=[], submachine=null]], target=ObjectState [getIds()=[PAID], getClass()=class org.springframework.statemachine.state.ObjectState, hashCode()=1041998166, toString()=AbstractState [id=PAID, pseudoState=null, deferred=[], entryActions=[], exitActions=[], stateActions=[], regions=[], submachine=null]], kind=EXTERNAL, guard=org.springframework.statemachine.guard.Guards$$Lambda/0x000000f80193fc68@6a2d1f6d], stateMachine=PAID DELIVERED CANCELLED RETURNED SHIPPED CREATED  / PAID / uuid=4d080db7-0d9b-4d34-82c3-39fdb988a464 / id=null, source=null, target=null, sources=null, targets=null, exception=null]]
2026-02-19T13:54:53.855+09:00 DEBUG 19155 --- [ssm-demo] [    Test worker] o.s.s.s.ReactiveStateMachineExecutor     : About to handleTriggerlessTransitions
2026-02-19T13:54:53.855+09:00  INFO 19155 --- [ssm-demo] [    Test worker] c.e.s.s.l.OrderStateMachineListener      : ┌──────────────────────────────────────────┐
2026-02-19T13:54:53.855+09:00  INFO 19155 --- [ssm-demo] [    Test worker] c.e.s.s.l.OrderStateMachineListener      : │ [STATE] 상태 변경: CREATED → PAID                 
2026-02-19T13:54:53.855+09:00  INFO 19155 --- [ssm-demo] [    Test worker] c.e.s.s.l.OrderStateMachineListener      : └──────────────────────────────────────────┘
2026-02-19T13:54:53.855+09:00 DEBUG 19155 --- [ssm-demo] [    Test worker] c.e.s.s.l.OrderStateMachineListener      : [TRANSITION] 완료: CREATED → PAID
]]></system-out>
  <system-err><![CDATA[Mockito is currently self-attaching to enable the inline-mock-maker. This will no longer work in future releases of the JDK. Please add Mockito as an agent to your build what is described in Mockito's documentation: https://javadoc.io/doc/org.mockito/mockito-core/latest/org/mockito/Mockito.html#0.3
WARNING: A Java agent has been loaded dynamically (/Users/dhkim1522/.gradle/caches/modules-2/files-2.1/net.bytebuddy/byte-buddy-agent/1.15.11/a38b16385e867f59a641330f0362ebe742788ed8/byte-buddy-agent-1.15.11.jar)
WARNING: If a serviceability tool is in use, please run with -XX:+EnableDynamicAgentLoading to hide this warning
WARNING: If a serviceability tool is not in use, please run with -Djdk.instrument.traceUsage for more information
WARNING: Dynamic loading of agents will be disallowed by default in a future release
]]></system-err>
</testsuite>
